<?xml version="1.0" encoding="UTF-8"?>
<!-- Generated by org.testng.reporters.JUnitReportReporter -->
<testsuite hostname="DESKTOP-KBAKGC1" failures="0" tests="2" name="TEST.case1" time="46.129" errors="0" timestamp="2020-08-28T08:58:05 CDT" skipped="0">
  <testcase classname="TEST.case1" name="negativeLogin" time="30.002"/>
  <system-out/>
  <testcase classname="TEST.case1" name="registation" time="16.127"/>
  <system-out/>
</testsuite> <!-- TEST.case1 -->
